<?xml version="1.0" encoding="UTF-8"?>
<testsuite name="TriangleTest" tests="1" skipped="0" failures="0" errors="0" timestamp="2023-03-12T10:37:37" hostname="DESKTOP-VT55OQG" time="0.021">
  <properties/>
  <testcase name="涓嶇瓑杈逛笁瑙掑舰" classname="TriangleTest" time="0.021"/>
  <system-out><![CDATA[]]></system-out>
  <system-err><![CDATA[]]></system-err>
</testsuite>
