<?xml version="1.0" encoding="UTF-8"?>
<testsuite name="TriangleTest" tests="2" skipped="0" failures="0" errors="0" timestamp="2023-03-22T14:28:44" hostname="HUAWEI13-PROMAX" time="0.016">
  <properties/>
  <testcase name="涓嶇瓑杈逛笁瑙掑舰" classname="TriangleTest" time="0.015"/>
  <testcase name="杈撳叆閿欒" classname="TriangleTest" time="0.0"/>
  <system-out><![CDATA[]]></system-out>
  <system-err><![CDATA[]]></system-err>
</testsuite>
